<?xml version="1.0" encoding="UTF-8"?>
<!-- Generated by org.testng.reporters.JUnitReportReporter -->
<testsuite hostname="DESKTOP-KG2L12V" failures="0" tests="1" name="com.project.tests.LogInTest" time="15.628" errors="0" timestamp="2022-08-02T09:45:59 CST" skipped="0">
  <testcase classname="com.project.tests.LogInTest" name="Login" time="15.628"/>
  <system-out>
    <![CDATA[02-08-22-Se hizo clic en el botón Sign in en el home
02-08-22-Se ingresó el correo: rmezquita@gmail.com
02-08-22-Se ingresó la contraseña: 123456
02-08-22-Se hizo clic en el botón Sign In en el login
Se encontró el siguiente error: Authentication failed.]]>
  </system-out>
</testsuite> <!-- com.project.tests.LogInTest -->
