<?xml version="1.0" encoding="UTF-8"?>
<!-- Generated by org.testng.reporters.JUnitReportReporter -->
<testsuite hostname="DESKTOP-KG2L12V" failures="0" tests="1" name="com.project.tests.LogInTest" time="10.011" errors="0" timestamp="2022-10-12T20:03:01 CST" skipped="0">
  <testcase classname="com.project.tests.LogInTest" name="Login" time="10.011"/>
  <system-out>
    <![CDATA[12-10-22-Se hizo clic en el botón Sign in en el home
12-10-22-Se ingresó el correo: 12@test.com
12-10-22-Se ingresó la contraseña: 123456
12-10-22-Se hizo clic en el botón Sign In en el login
12-10-22-Se inició sesión correctamente
12-10-22-Se muestra la información de la cuenta del usuario
12-10-22Se hizo clic en el botón LogOut
Se cerró sesión satisfactoriamente]]>
  </system-out>
</testsuite> <!-- com.project.tests.LogInTest -->
