<?xml version="1.0" encoding="UTF-8"?>
<!-- Generated by org.testng.reporters.JUnitReportReporter -->
<testsuite hostname="DESKTOP-KG2L12V" failures="0" tests="1" name="com.project.tests.SignInTest" time="15.819" errors="0" timestamp="2022-08-09T19:12:52 CST" skipped="0">
  <testcase classname="com.project.tests.SignInTest" name="SignIn" time="15.819"/>
  <system-out>
    <![CDATA[09-08-22-se ingresó correo: 
09-08-22-Se hizo clic en botón Create an Account
09-08-22-Se muestra label personal information]]>
  </system-out>
</testsuite> <!-- com.project.tests.SignInTest -->
